2025-10-16 05:26:26,259 INFO ⚡ Starting aggregator run...
2025-10-16 05:26:28,628 INFO AlienVault: fetched 57 indicators
2025-10-16 05:26:29,465 INFO FeodoTracker: fetched 3 indicators
2025-10-16 05:26:30,815 INFO AbuseIPDB: fetched 50 indicators
2025-10-16 05:26:30,819 INFO Starting geolocation for 50 IPs...
2025-10-16 05:26:32,058 ERROR Status code 403 from https://nominatim.openstreetmap.org/search: ERROR - 403 Client Error: Forbidden for url: https://nominatim.openstreetmap.org/search?q=Jatai%2C+Goi%C3%A1s+BR&format=jsonv2&addressdetails=1&limit=1
2025-10-16 05:26:36,158 ERROR Status code 403 from https://nominatim.openstreetmap.org/search: ERROR - 403 Client Error: Forbidden for url: https://nominatim.openstreetmap.org/search?q=Jatai%2C+BR&format=jsonv2&addressdetails=1&limit=1
2025-10-16 05:26:37,921 ERROR Status code 403 from https://nominatim.openstreetmap.org/search: ERROR - 403 Client Error: Forbidden for url: https://nominatim.openstreetmap.org/search?q=Chaowai+%28Chaoyang%29%2C+Beijing+CN&format=jsonv2&addressdetails=1&limit=1
2025-10-16 05:26:40,969 ERROR Status code 403 from https://nominatim.openstreetmap.org/search: ERROR - 403 Client Error: Forbidden for url: https://nominatim.openstreetmap.org/search?q=Chaowai+%28Chaoyang%29%2C+CN&format=jsonv2&addressdetails=1&limit=1
2025-10-16 05:26:43,939 ERROR Status code 403 from https://nominatim.openstreetmap.org/search: ERROR - 403 Client Error: Forbidden for url: https://nominatim.openstreetmap.org/search?q=Cicurug%2C+West+Java+ID&format=jsonv2&addressdetails=1&limit=1
2025-10-16 05:26:47,010 ERROR Status code 403 from https://nominatim.openstreetmap.org/search: ERROR - 403 Client Error: Forbidden for url: https://nominatim.openstreetmap.org/search?q=Cicurug%2C+ID&format=jsonv2&addressdetails=1&limit=1
2025-10-16 05:26:50,218 ERROR Status code 403 from https://nominatim.openstreetmap.org/search: ERROR - 403 Client Error: Forbidden for url: https://nominatim.openstreetmap.org/search?q=Bangkok%2C+Bangkok+TH&format=jsonv2&addressdetails=1&limit=1
2025-10-16 05:26:53,054 ERROR Status code 403 from https://nominatim.openstreetmap.org/search: ERROR - 403 Client Error: Forbidden for url: https://nominatim.openstreetmap.org/search?q=Bangkok%2C+TH&format=jsonv2&addressdetails=1&limit=1
2025-10-16 05:26:56,021 ERROR Status code 403 from https://nominatim.openstreetmap.org/search: ERROR - 403 Client Error: Forbidden for url: https://nominatim.openstreetmap.org/search?q=Pune%2C+Maharashtra+IN&format=jsonv2&addressdetails=1&limit=1
2025-10-16 05:26:59,203 ERROR Status code 403 from https://nominatim.openstreetmap.org/search: ERROR - 403 Client Error: Forbidden for url: https://nominatim.openstreetmap.org/search?q=Pune%2C+IN&format=jsonv2&addressdetails=1&limit=1
2025-10-16 05:27:01,971 ERROR Status code 403 from https://nominatim.openstreetmap.org/search: ERROR - 403 Client Error: Forbidden for url: https://nominatim.openstreetmap.org/search?q=Kansas+City%2C+Missouri+US&format=jsonv2&addressdetails=1&limit=1
2025-10-16 05:27:05,036 ERROR Status code 403 from https://nominatim.openstreetmap.org/search: ERROR - 403 Client Error: Forbidden for url: https://nominatim.openstreetmap.org/search?q=Kansas+City%2C+US&format=jsonv2&addressdetails=1&limit=1
2025-10-16 05:27:07,974 ERROR Status code 403 from https://nominatim.openstreetmap.org/search: ERROR - 403 Client Error: Forbidden for url: https://nominatim.openstreetmap.org/search?q=Amsterdam%2C+North+Holland+NL&format=jsonv2&addressdetails=1&limit=1
2025-10-16 05:27:11,076 ERROR Status code 403 from https://nominatim.openstreetmap.org/search: ERROR - 403 Client Error: Forbidden for url: https://nominatim.openstreetmap.org/search?q=Amsterdam%2C+NL&format=jsonv2&addressdetails=1&limit=1
2025-10-16 05:27:14,044 ERROR Status code 403 from https://nominatim.openstreetmap.org/search: ERROR - 403 Client Error: Forbidden for url: https://nominatim.openstreetmap.org/search?q=Hong+Kong%2C+Kowloon+HK&format=jsonv2&addressdetails=1&limit=1
2025-10-16 05:27:17,117 ERROR Status code 403 from https://nominatim.openstreetmap.org/search: ERROR - 403 Client Error: Forbidden for url: https://nominatim.openstreetmap.org/search?q=Hong+Kong%2C+HK&format=jsonv2&addressdetails=1&limit=1
2025-10-16 05:27:19,988 ERROR Status code 403 from https://nominatim.openstreetmap.org/search: ERROR - 403 Client Error: Forbidden for url: https://nominatim.openstreetmap.org/search?q=Vilnius%2C+Vilnius+LT&format=jsonv2&addressdetails=1&limit=1
2025-10-16 05:27:23,261 ERROR Status code 403 from https://nominatim.openstreetmap.org/search: ERROR - 403 Client Error: Forbidden for url: https://nominatim.openstreetmap.org/search?q=Vilnius%2C+LT&format=jsonv2&addressdetails=1&limit=1
2025-10-16 05:27:26,131 ERROR Status code 403 from https://nominatim.openstreetmap.org/search: ERROR - 403 Client Error: Forbidden for url: https://nominatim.openstreetmap.org/search?q=Los+Angeles%2C+California+US&format=jsonv2&addressdetails=1&limit=1
2025-10-16 05:27:29,099 ERROR Status code 403 from https://nominatim.openstreetmap.org/search: ERROR - 403 Client Error: Forbidden for url: https://nominatim.openstreetmap.org/search?q=Los+Angeles%2C+US&format=jsonv2&addressdetails=1&limit=1
2025-10-16 05:27:32,081 ERROR Status code 403 from https://nominatim.openstreetmap.org/search: ERROR - 403 Client Error: Forbidden for url: https://nominatim.openstreetmap.org/search?q=Hong+Kong%2C+Kowloon+HK&format=jsonv2&addressdetails=1&limit=1
2025-10-16 05:27:35,040 ERROR Status code 403 from https://nominatim.openstreetmap.org/search: ERROR - 403 Client Error: Forbidden for url: https://nominatim.openstreetmap.org/search?q=Hong+Kong%2C+HK&format=jsonv2&addressdetails=1&limit=1
2025-10-16 05:27:38,130 ERROR Status code 403 from https://nominatim.openstreetmap.org/search: ERROR - 403 Client Error: Forbidden for url: https://nominatim.openstreetmap.org/search?q=Almaty%2C+Almaty+KZ&format=jsonv2&addressdetails=1&limit=1
2025-10-16 05:27:41,083 ERROR Status code 403 from https://nominatim.openstreetmap.org/search: ERROR - 403 Client Error: Forbidden for url: https://nominatim.openstreetmap.org/search?q=Almaty%2C+KZ&format=jsonv2&addressdetails=1&limit=1
2025-10-16 05:27:44,083 ERROR Status code 403 from https://nominatim.openstreetmap.org/search: ERROR - 403 Client Error: Forbidden for url: https://nominatim.openstreetmap.org/search?q=Singapore%2C++SG&format=jsonv2&addressdetails=1&limit=1
2025-10-16 05:27:47,035 ERROR Status code 403 from https://nominatim.openstreetmap.org/search: ERROR - 403 Client Error: Forbidden for url: https://nominatim.openstreetmap.org/search?q=Singapore%2C+SG&format=jsonv2&addressdetails=1&limit=1
2025-10-16 05:27:50,095 ERROR Status code 403 from https://nominatim.openstreetmap.org/search: ERROR - 403 Client Error: Forbidden for url: https://nominatim.openstreetmap.org/search?q=Rushden%2C+England+GB&format=jsonv2&addressdetails=1&limit=1
2025-10-16 05:27:53,091 ERROR Status code 403 from https://nominatim.openstreetmap.org/search: ERROR - 403 Client Error: Forbidden for url: https://nominatim.openstreetmap.org/search?q=Rushden%2C+GB&format=jsonv2&addressdetails=1&limit=1
2025-10-16 05:27:56,136 ERROR Status code 403 from https://nominatim.openstreetmap.org/search: ERROR - 403 Client Error: Forbidden for url: https://nominatim.openstreetmap.org/search?q=Rushden%2C+England+GB&format=jsonv2&addressdetails=1&limit=1
2025-10-16 05:27:59,103 ERROR Status code 403 from https://nominatim.openstreetmap.org/search: ERROR - 403 Client Error: Forbidden for url: https://nominatim.openstreetmap.org/search?q=Rushden%2C+GB&format=jsonv2&addressdetails=1&limit=1
2025-10-16 05:28:02,074 ERROR Status code 403 from https://nominatim.openstreetmap.org/search: ERROR - 403 Client Error: Forbidden for url: https://nominatim.openstreetmap.org/search?q=Ufa%2C+Bashkortostan+Republic+RU&format=jsonv2&addressdetails=1&limit=1
2025-10-16 05:28:05,145 ERROR Status code 403 from https://nominatim.openstreetmap.org/search: ERROR - 403 Client Error: Forbidden for url: https://nominatim.openstreetmap.org/search?q=Ufa%2C+RU&format=jsonv2&addressdetails=1&limit=1
2025-10-16 05:28:08,061 ERROR Status code 403 from https://nominatim.openstreetmap.org/search: ERROR - 403 Client Error: Forbidden for url: https://nominatim.openstreetmap.org/search?q=Dublin%2C+Leinster+IE&format=jsonv2&addressdetails=1&limit=1
2025-10-16 05:28:11,088 ERROR Status code 403 from https://nominatim.openstreetmap.org/search: ERROR - 403 Client Error: Forbidden for url: https://nominatim.openstreetmap.org/search?q=Dublin%2C+IE&format=jsonv2&addressdetails=1&limit=1
2025-10-16 05:28:14,288 ERROR Status code 403 from https://nominatim.openstreetmap.org/search: ERROR - 403 Client Error: Forbidden for url: https://nominatim.openstreetmap.org/search?q=Chand%C4%ABgarh%2C+Haryana+IN&format=jsonv2&addressdetails=1&limit=1
2025-10-16 05:28:17,128 ERROR Status code 403 from https://nominatim.openstreetmap.org/search: ERROR - 403 Client Error: Forbidden for url: https://nominatim.openstreetmap.org/search?q=Chand%C4%ABgarh%2C+IN&format=jsonv2&addressdetails=1&limit=1
2025-10-16 05:28:20,074 ERROR Status code 403 from https://nominatim.openstreetmap.org/search: ERROR - 403 Client Error: Forbidden for url: https://nominatim.openstreetmap.org/search?q=L%C3%A1ng+Th%C6%B0%E1%BB%A3ng%2C+Hanoi+VN&format=jsonv2&addressdetails=1&limit=1
2025-10-16 05:28:23,172 ERROR Status code 403 from https://nominatim.openstreetmap.org/search: ERROR - 403 Client Error: Forbidden for url: https://nominatim.openstreetmap.org/search?q=L%C3%A1ng+Th%C6%B0%E1%BB%A3ng%2C+VN&format=jsonv2&addressdetails=1&limit=1
2025-10-16 05:28:26,141 ERROR Status code 403 from https://nominatim.openstreetmap.org/search: ERROR - 403 Client Error: Forbidden for url: https://nominatim.openstreetmap.org/search?q=Singapore%2C++SG&format=jsonv2&addressdetails=1&limit=1
2025-10-16 05:28:29,108 ERROR Status code 403 from https://nominatim.openstreetmap.org/search: ERROR - 403 Client Error: Forbidden for url: https://nominatim.openstreetmap.org/search?q=Singapore%2C+SG&format=jsonv2&addressdetails=1&limit=1
2025-10-16 05:28:32,182 ERROR Status code 403 from https://nominatim.openstreetmap.org/search: ERROR - 403 Client Error: Forbidden for url: https://nominatim.openstreetmap.org/search?q=Singapore%2C++SG&format=jsonv2&addressdetails=1&limit=1
2025-10-16 05:28:35,151 ERROR Status code 403 from https://nominatim.openstreetmap.org/search: ERROR - 403 Client Error: Forbidden for url: https://nominatim.openstreetmap.org/search?q=Singapore%2C+SG&format=jsonv2&addressdetails=1&limit=1
2025-10-16 05:28:38,121 ERROR Status code 403 from https://nominatim.openstreetmap.org/search: ERROR - 403 Client Error: Forbidden for url: https://nominatim.openstreetmap.org/search?q=Sofia%2C+Sofia-grad+BG&format=jsonv2&addressdetails=1&limit=1
2025-10-16 05:28:41,194 ERROR Status code 403 from https://nominatim.openstreetmap.org/search: ERROR - 403 Client Error: Forbidden for url: https://nominatim.openstreetmap.org/search?q=Sofia%2C+BG&format=jsonv2&addressdetails=1&limit=1
2025-10-16 05:28:44,114 ERROR Status code 403 from https://nominatim.openstreetmap.org/search: ERROR - 403 Client Error: Forbidden for url: https://nominatim.openstreetmap.org/search?q=Hong+Kong%2C+Kowloon+HK&format=jsonv2&addressdetails=1&limit=1
2025-10-16 05:28:47,289 ERROR Status code 403 from https://nominatim.openstreetmap.org/search: ERROR - 403 Client Error: Forbidden for url: https://nominatim.openstreetmap.org/search?q=Hong+Kong%2C+HK&format=jsonv2&addressdetails=1&limit=1
2025-10-16 05:28:50,126 ERROR Status code 403 from https://nominatim.openstreetmap.org/search: ERROR - 403 Client Error: Forbidden for url: https://nominatim.openstreetmap.org/search?q=Mountain+View%2C+California+US&format=jsonv2&addressdetails=1&limit=1
2025-10-16 05:28:53,175 ERROR Status code 403 from https://nominatim.openstreetmap.org/search: ERROR - 403 Client Error: Forbidden for url: https://nominatim.openstreetmap.org/search?q=Mountain+View%2C+US&format=jsonv2&addressdetails=1&limit=1
2025-10-16 05:28:56,146 ERROR Status code 403 from https://nominatim.openstreetmap.org/search: ERROR - 403 Client Error: Forbidden for url: https://nominatim.openstreetmap.org/search?q=Ash-Shaykh+Z%C4%81yid%2C+Giza+EG&format=jsonv2&addressdetails=1&limit=1
2025-10-16 05:28:59,219 ERROR Status code 403 from https://nominatim.openstreetmap.org/search: ERROR - 403 Client Error: Forbidden for url: https://nominatim.openstreetmap.org/search?q=Ash-Shaykh+Z%C4%81yid%2C+EG&format=jsonv2&addressdetails=1&limit=1
2025-10-16 05:29:02,196 ERROR Status code 403 from https://nominatim.openstreetmap.org/search: ERROR - 403 Client Error: Forbidden for url: https://nominatim.openstreetmap.org/search?q=New+Delhi+%28Block+N%29%2C+Delhi+IN&format=jsonv2&addressdetails=1&limit=1
2025-10-16 05:29:05,262 ERROR Status code 403 from https://nominatim.openstreetmap.org/search: ERROR - 403 Client Error: Forbidden for url: https://nominatim.openstreetmap.org/search?q=New+Delhi+%28Block+N%29%2C+IN&format=jsonv2&addressdetails=1&limit=1
2025-10-16 05:29:08,229 ERROR Status code 403 from https://nominatim.openstreetmap.org/search: ERROR - 403 Client Error: Forbidden for url: https://nominatim.openstreetmap.org/search?q=Maip%C3%BA%2C+Buenos+Aires+AR&format=jsonv2&addressdetails=1&limit=1
2025-10-16 05:29:11,289 ERROR Status code 403 from https://nominatim.openstreetmap.org/search: ERROR - 403 Client Error: Forbidden for url: https://nominatim.openstreetmap.org/search?q=Maip%C3%BA%2C+AR&format=jsonv2&addressdetails=1&limit=1
2025-10-16 05:29:14,162 ERROR Status code 403 from https://nominatim.openstreetmap.org/search: ERROR - 403 Client Error: Forbidden for url: https://nominatim.openstreetmap.org/search?q=Des+Moines%2C+Iowa+US&format=jsonv2&addressdetails=1&limit=1
2025-10-16 05:29:17,167 ERROR Status code 403 from https://nominatim.openstreetmap.org/search: ERROR - 403 Client Error: Forbidden for url: https://nominatim.openstreetmap.org/search?q=Des+Moines%2C+US&format=jsonv2&addressdetails=1&limit=1
2025-10-16 05:29:20,280 ERROR Status code 403 from https://nominatim.openstreetmap.org/search: ERROR - 403 Client Error: Forbidden for url: https://nominatim.openstreetmap.org/search?q=Hanoi%2C+Hanoi+VN&format=jsonv2&addressdetails=1&limit=1
2025-10-16 05:29:23,178 ERROR Status code 403 from https://nominatim.openstreetmap.org/search: ERROR - 403 Client Error: Forbidden for url: https://nominatim.openstreetmap.org/search?q=Hanoi%2C+VN&format=jsonv2&addressdetails=1&limit=1
2025-10-16 05:29:26,180 ERROR Status code 403 from https://nominatim.openstreetmap.org/search: ERROR - 403 Client Error: Forbidden for url: https://nominatim.openstreetmap.org/search?q=Bucheon-si+%28Wonmi-gu%29%2C+Gyeonggi-do+KR&format=jsonv2&addressdetails=1&limit=1
2025-10-16 05:29:29,221 ERROR Status code 403 from https://nominatim.openstreetmap.org/search: ERROR - 403 Client Error: Forbidden for url: https://nominatim.openstreetmap.org/search?q=Bucheon-si+%28Wonmi-gu%29%2C+KR&format=jsonv2&addressdetails=1&limit=1
2025-10-16 05:29:32,192 ERROR Status code 403 from https://nominatim.openstreetmap.org/search: ERROR - 403 Client Error: Forbidden for url: https://nominatim.openstreetmap.org/search?q=Hanoi%2C+Hanoi+VN&format=jsonv2&addressdetails=1&limit=1
2025-10-16 05:29:35,262 ERROR Status code 403 from https://nominatim.openstreetmap.org/search: ERROR - 403 Client Error: Forbidden for url: https://nominatim.openstreetmap.org/search?q=Hanoi%2C+VN&format=jsonv2&addressdetails=1&limit=1
2025-10-16 05:29:38,206 ERROR Status code 403 from https://nominatim.openstreetmap.org/search: ERROR - 403 Client Error: Forbidden for url: https://nominatim.openstreetmap.org/search?q=Fortaleza%2C+Cear%C3%A1+BR&format=jsonv2&addressdetails=1&limit=1
2025-10-16 05:29:41,207 ERROR Status code 403 from https://nominatim.openstreetmap.org/search: ERROR - 403 Client Error: Forbidden for url: https://nominatim.openstreetmap.org/search?q=Fortaleza%2C+BR&format=jsonv2&addressdetails=1&limit=1
2025-10-16 05:29:44,262 ERROR Status code 403 from https://nominatim.openstreetmap.org/search: ERROR - 403 Client Error: Forbidden for url: https://nominatim.openstreetmap.org/search?q=Hong+Kong%2C+Kowloon+HK&format=jsonv2&addressdetails=1&limit=1
2025-10-16 05:29:47,245 ERROR Status code 403 from https://nominatim.openstreetmap.org/search: ERROR - 403 Client Error: Forbidden for url: https://nominatim.openstreetmap.org/search?q=Hong+Kong%2C+HK&format=jsonv2&addressdetails=1&limit=1
2025-10-16 05:29:50,229 ERROR Status code 403 from https://nominatim.openstreetmap.org/search: ERROR - 403 Client Error: Forbidden for url: https://nominatim.openstreetmap.org/search?q=Navi+Mumbai+%28Ghansoli%29%2C+Maharashtra+IN&format=jsonv2&addressdetails=1&limit=1
2025-10-16 05:29:53,273 ERROR Status code 403 from https://nominatim.openstreetmap.org/search: ERROR - 403 Client Error: Forbidden for url: https://nominatim.openstreetmap.org/search?q=Navi+Mumbai+%28Ghansoli%29%2C+IN&format=jsonv2&addressdetails=1&limit=1
2025-10-16 05:29:56,235 ERROR Status code 403 from https://nominatim.openstreetmap.org/search: ERROR - 403 Client Error: Forbidden for url: https://nominatim.openstreetmap.org/search?q=Chai+Wan%2C+Eastern+HK&format=jsonv2&addressdetails=1&limit=1
2025-10-16 05:29:59,292 ERROR Status code 403 from https://nominatim.openstreetmap.org/search: ERROR - 403 Client Error: Forbidden for url: https://nominatim.openstreetmap.org/search?q=Chai+Wan%2C+HK&format=jsonv2&addressdetails=1&limit=1
2025-10-16 05:30:02,293 ERROR Status code 403 from https://nominatim.openstreetmap.org/search: ERROR - 403 Client Error: Forbidden for url: https://nominatim.openstreetmap.org/search?q=Shibuya+City%2C+Tokyo+JP&format=jsonv2&addressdetails=1&limit=1
2025-10-16 05:30:05,262 ERROR Status code 403 from https://nominatim.openstreetmap.org/search: ERROR - 403 Client Error: Forbidden for url: https://nominatim.openstreetmap.org/search?q=Shibuya+City%2C+JP&format=jsonv2&addressdetails=1&limit=1
2025-10-16 05:30:08,293 ERROR Status code 403 from https://nominatim.openstreetmap.org/search: ERROR - 403 Client Error: Forbidden for url: https://nominatim.openstreetmap.org/search?q=Rengasdengklok%2C+West+Java+ID&format=jsonv2&addressdetails=1&limit=1
2025-10-16 05:30:11,257 ERROR Status code 403 from https://nominatim.openstreetmap.org/search: ERROR - 403 Client Error: Forbidden for url: https://nominatim.openstreetmap.org/search?q=Rengasdengklok%2C+ID&format=jsonv2&addressdetails=1&limit=1
2025-10-16 05:30:14,258 ERROR Status code 403 from https://nominatim.openstreetmap.org/search: ERROR - 403 Client Error: Forbidden for url: https://nominatim.openstreetmap.org/search?q=Curic%C3%B3%2C+Maule+Region+CL&format=jsonv2&addressdetails=1&limit=1
2025-10-16 05:30:17,267 ERROR Status code 403 from https://nominatim.openstreetmap.org/search: ERROR - 403 Client Error: Forbidden for url: https://nominatim.openstreetmap.org/search?q=Curic%C3%B3%2C+CL&format=jsonv2&addressdetails=1&limit=1
2025-10-16 05:30:20,263 ERROR Status code 403 from https://nominatim.openstreetmap.org/search: ERROR - 403 Client Error: Forbidden for url: https://nominatim.openstreetmap.org/search?q=Chicago%2C+Illinois+US&format=jsonv2&addressdetails=1&limit=1
2025-10-16 05:30:23,280 ERROR Status code 403 from https://nominatim.openstreetmap.org/search: ERROR - 403 Client Error: Forbidden for url: https://nominatim.openstreetmap.org/search?q=Chicago%2C+US&format=jsonv2&addressdetails=1&limit=1
2025-10-16 05:30:26,283 ERROR Status code 403 from https://nominatim.openstreetmap.org/search: ERROR - 403 Client Error: Forbidden for url: https://nominatim.openstreetmap.org/search?q=Manila%2C+National+Capital+Region+PH&format=jsonv2&addressdetails=1&limit=1
2025-10-16 05:30:29,294 ERROR Status code 403 from https://nominatim.openstreetmap.org/search: ERROR - 403 Client Error: Forbidden for url: https://nominatim.openstreetmap.org/search?q=Manila%2C+PH&format=jsonv2&addressdetails=1&limit=1
2025-10-16 05:30:32,293 ERROR Status code 403 from https://nominatim.openstreetmap.org/search: ERROR - 403 Client Error: Forbidden for url: https://nominatim.openstreetmap.org/search?q=Jamshoro%2C+Sindh+PK&format=jsonv2&addressdetails=1&limit=1
2025-10-16 05:30:35,292 ERROR Status code 403 from https://nominatim.openstreetmap.org/search: ERROR - 403 Client Error: Forbidden for url: https://nominatim.openstreetmap.org/search?q=Jamshoro%2C+PK&format=jsonv2&addressdetails=1&limit=1
2025-10-16 05:30:38,296 ERROR Status code 403 from https://nominatim.openstreetmap.org/search: ERROR - 403 Client Error: Forbidden for url: https://nominatim.openstreetmap.org/search?q=Seoul+%28Toegye-ro%29%2C+Seoul+KR&format=jsonv2&addressdetails=1&limit=1
2025-10-16 05:30:41,306 ERROR Status code 403 from https://nominatim.openstreetmap.org/search: ERROR - 403 Client Error: Forbidden for url: https://nominatim.openstreetmap.org/search?q=Seoul+%28Toegye-ro%29%2C+KR&format=jsonv2&addressdetails=1&limit=1
2025-10-16 05:30:44,306 ERROR Status code 403 from https://nominatim.openstreetmap.org/search: ERROR - 403 Client Error: Forbidden for url: https://nominatim.openstreetmap.org/search?q=Amsterdam%2C+North+Holland+NL&format=jsonv2&addressdetails=1&limit=1
2025-10-16 05:30:47,310 ERROR Status code 403 from https://nominatim.openstreetmap.org/search: ERROR - 403 Client Error: Forbidden for url: https://nominatim.openstreetmap.org/search?q=Amsterdam%2C+NL&format=jsonv2&addressdetails=1&limit=1
2025-10-16 05:30:50,345 ERROR Status code 403 from https://nominatim.openstreetmap.org/search: ERROR - 403 Client Error: Forbidden for url: https://nominatim.openstreetmap.org/search?q=Shibuya+City%2C+Tokyo+JP&format=jsonv2&addressdetails=1&limit=1
2025-10-16 05:30:53,320 ERROR Status code 403 from https://nominatim.openstreetmap.org/search: ERROR - 403 Client Error: Forbidden for url: https://nominatim.openstreetmap.org/search?q=Shibuya+City%2C+JP&format=jsonv2&addressdetails=1&limit=1
2025-10-16 05:30:56,326 ERROR Status code 403 from https://nominatim.openstreetmap.org/search: ERROR - 403 Client Error: Forbidden for url: https://nominatim.openstreetmap.org/search?q=Council+Bluffs%2C+Iowa+US&format=jsonv2&addressdetails=1&limit=1
2025-10-16 05:30:59,330 ERROR Status code 403 from https://nominatim.openstreetmap.org/search: ERROR - 403 Client Error: Forbidden for url: https://nominatim.openstreetmap.org/search?q=Council+Bluffs%2C+US&format=jsonv2&addressdetails=1&limit=1
2025-10-16 05:31:02,339 ERROR Status code 403 from https://nominatim.openstreetmap.org/search: ERROR - 403 Client Error: Forbidden for url: https://nominatim.openstreetmap.org/search?q=Rushden%2C+England+GB&format=jsonv2&addressdetails=1&limit=1
2025-10-16 05:31:05,360 ERROR Status code 403 from https://nominatim.openstreetmap.org/search: ERROR - 403 Client Error: Forbidden for url: https://nominatim.openstreetmap.org/search?q=Rushden%2C+GB&format=jsonv2&addressdetails=1&limit=1
2025-10-16 05:31:08,357 ERROR Status code 403 from https://nominatim.openstreetmap.org/search: ERROR - 403 Client Error: Forbidden for url: https://nominatim.openstreetmap.org/search?q=Gothenburg%2C+V%C3%A4stra+G%C3%B6taland+SE&format=jsonv2&addressdetails=1&limit=1
2025-10-16 05:31:11,351 ERROR Status code 403 from https://nominatim.openstreetmap.org/search: ERROR - 403 Client Error: Forbidden for url: https://nominatim.openstreetmap.org/search?q=Gothenburg%2C+SE&format=jsonv2&addressdetails=1&limit=1
2025-10-16 05:31:14,357 ERROR Status code 403 from https://nominatim.openstreetmap.org/search: ERROR - 403 Client Error: Forbidden for url: https://nominatim.openstreetmap.org/search?q=Zhuojiacun%2C+Nossa+Senhora+do+Carmo+MO&format=jsonv2&addressdetails=1&limit=1
2025-10-16 05:31:17,355 ERROR Status code 403 from https://nominatim.openstreetmap.org/search: ERROR - 403 Client Error: Forbidden for url: https://nominatim.openstreetmap.org/search?q=Zhuojiacun%2C+MO&format=jsonv2&addressdetails=1&limit=1
2025-10-16 05:31:20,361 ERROR Status code 403 from https://nominatim.openstreetmap.org/search: ERROR - 403 Client Error: Forbidden for url: https://nominatim.openstreetmap.org/search?q=Feasterville-Trevose%2C+Pennsylvania+US&format=jsonv2&addressdetails=1&limit=1
2025-10-16 05:31:23,403 ERROR Status code 403 from https://nominatim.openstreetmap.org/search: ERROR - 403 Client Error: Forbidden for url: https://nominatim.openstreetmap.org/search?q=Feasterville-Trevose%2C+US&format=jsonv2&addressdetails=1&limit=1
2025-10-16 05:31:26,371 ERROR Status code 403 from https://nominatim.openstreetmap.org/search: ERROR - 403 Client Error: Forbidden for url: https://nominatim.openstreetmap.org/search?q=Liuxiang%2C+Shanxi+CN&format=jsonv2&addressdetails=1&limit=1
2025-10-16 05:31:29,452 ERROR Status code 403 from https://nominatim.openstreetmap.org/search: ERROR - 403 Client Error: Forbidden for url: https://nominatim.openstreetmap.org/search?q=Liuxiang%2C+CN&format=jsonv2&addressdetails=1&limit=1
2025-10-16 05:31:29,908 INFO Geolocation completed.
2025-10-16 05:31:29,924 INFO Saved 50 unique indicators to threat_feed.csv
2025-10-16 05:31:29,926 INFO New indicators found: 50
2025-10-16 05:31:29,964 INFO Saved interactive map to visuals/threat_map_top10.html
2025-10-16 05:31:30,673 INFO Slack alert sent.
2025-10-16 05:31:31,697 WARNING Email send error: 'ascii' codec can't encode character '\xa0' in position 37: ordinal not in range(128)
2025-10-16 05:31:31,698 INFO ✅ Run complete.
