2025-10-16 05:10:58,675 INFO ⚡ Starting aggregator run...
2025-10-16 05:10:59,884 WARNING AlienVault fetch error: 403 Client Error: Forbidden for url: https://otx.alienvault.com/api/v1/pulses/subscribed
2025-10-16 05:10:59,884 INFO AlienVault: fetched 0 indicators
2025-10-16 05:11:01,849 INFO FeodoTracker: fetched 3 indicators
2025-10-16 05:11:03,500 INFO AbuseIPDB: fetched 50 indicators
2025-10-16 05:11:03,503 INFO Starting geolocation for 53 IPs...
2025-10-16 05:11:05,212 ERROR Status code 403 from https://nominatim.openstreetmap.org/search: ERROR - 403 Client Error: Forbidden for url: https://nominatim.openstreetmap.org/search?q=%2C++&format=jsonv2&addressdetails=1&limit=1
2025-10-16 05:11:08,184 ERROR Status code 403 from https://nominatim.openstreetmap.org/search: ERROR - 403 Client Error: Forbidden for url: https://nominatim.openstreetmap.org/search?q=%2C+&format=jsonv2&addressdetails=1&limit=1
2025-10-16 05:11:11,251 ERROR Status code 403 from https://nominatim.openstreetmap.org/search: ERROR - 403 Client Error: Forbidden for url: https://nominatim.openstreetmap.org/search?q=%2C++&format=jsonv2&addressdetails=1&limit=1
2025-10-16 05:11:14,226 ERROR Status code 403 from https://nominatim.openstreetmap.org/search: ERROR - 403 Client Error: Forbidden for url: https://nominatim.openstreetmap.org/search?q=%2C+&format=jsonv2&addressdetails=1&limit=1
2025-10-16 05:11:17,264 ERROR Status code 403 from https://nominatim.openstreetmap.org/search: ERROR - 403 Client Error: Forbidden for url: https://nominatim.openstreetmap.org/search?q=%2C++&format=jsonv2&addressdetails=1&limit=1
2025-10-16 05:11:20,260 ERROR Status code 403 from https://nominatim.openstreetmap.org/search: ERROR - 403 Client Error: Forbidden for url: https://nominatim.openstreetmap.org/search?q=%2C+&format=jsonv2&addressdetails=1&limit=1
2025-10-16 05:11:23,284 ERROR Status code 403 from https://nominatim.openstreetmap.org/search: ERROR - 403 Client Error: Forbidden for url: https://nominatim.openstreetmap.org/search?q=Karaj+%28Mehrshahr%29%2C+Alborz+Province+IR&format=jsonv2&addressdetails=1&limit=1
2025-10-16 05:11:26,200 ERROR Status code 403 from https://nominatim.openstreetmap.org/search: ERROR - 403 Client Error: Forbidden for url: https://nominatim.openstreetmap.org/search?q=Karaj+%28Mehrshahr%29%2C+IR&format=jsonv2&addressdetails=1&limit=1
2025-10-16 05:11:29,258 ERROR Status code 403 from https://nominatim.openstreetmap.org/search: ERROR - 403 Client Error: Forbidden for url: https://nominatim.openstreetmap.org/search?q=Chennai+%28Pattinapakkam%29%2C+Tamil+Nadu+IN&format=jsonv2&addressdetails=1&limit=1
2025-10-16 05:11:32,200 ERROR Status code 403 from https://nominatim.openstreetmap.org/search: ERROR - 403 Client Error: Forbidden for url: https://nominatim.openstreetmap.org/search?q=Chennai+%28Pattinapakkam%29%2C+IN&format=jsonv2&addressdetails=1&limit=1
2025-10-16 05:11:35,284 ERROR Status code 403 from https://nominatim.openstreetmap.org/search: ERROR - 403 Client Error: Forbidden for url: https://nominatim.openstreetmap.org/search?q=Santa+Clara%2C+California+US&format=jsonv2&addressdetails=1&limit=1
2025-10-16 05:11:38,211 ERROR Status code 403 from https://nominatim.openstreetmap.org/search: ERROR - 403 Client Error: Forbidden for url: https://nominatim.openstreetmap.org/search?q=Santa+Clara%2C+US&format=jsonv2&addressdetails=1&limit=1
2025-10-16 05:11:41,254 ERROR Status code 403 from https://nominatim.openstreetmap.org/search: ERROR - 403 Client Error: Forbidden for url: https://nominatim.openstreetmap.org/search?q=Seongnam-si+%28Buljeong-ro%29%2C+Gyeonggi-do+KR&format=jsonv2&addressdetails=1&limit=1
2025-10-16 05:11:44,271 ERROR Status code 403 from https://nominatim.openstreetmap.org/search: ERROR - 403 Client Error: Forbidden for url: https://nominatim.openstreetmap.org/search?q=Seongnam-si+%28Buljeong-ro%29%2C+KR&format=jsonv2&addressdetails=1&limit=1
2025-10-16 05:11:47,224 ERROR Status code 403 from https://nominatim.openstreetmap.org/search: ERROR - 403 Client Error: Forbidden for url: https://nominatim.openstreetmap.org/search?q=Leeds%2C+England+GB&format=jsonv2&addressdetails=1&limit=1
2025-10-16 05:11:50,264 ERROR Status code 403 from https://nominatim.openstreetmap.org/search: ERROR - 403 Client Error: Forbidden for url: https://nominatim.openstreetmap.org/search?q=Leeds%2C+GB&format=jsonv2&addressdetails=1&limit=1
2025-10-16 05:11:53,238 ERROR Status code 403 from https://nominatim.openstreetmap.org/search: ERROR - 403 Client Error: Forbidden for url: https://nominatim.openstreetmap.org/search?q=London%2C+England+GB&format=jsonv2&addressdetails=1&limit=1
2025-10-16 05:11:56,271 ERROR Status code 403 from https://nominatim.openstreetmap.org/search: ERROR - 403 Client Error: Forbidden for url: https://nominatim.openstreetmap.org/search?q=London%2C+GB&format=jsonv2&addressdetails=1&limit=1
2025-10-16 05:11:59,263 ERROR Status code 403 from https://nominatim.openstreetmap.org/search: ERROR - 403 Client Error: Forbidden for url: https://nominatim.openstreetmap.org/search?q=Warrenton%2C+Virginia+US&format=jsonv2&addressdetails=1&limit=1
2025-10-16 05:12:02,264 ERROR Status code 403 from https://nominatim.openstreetmap.org/search: ERROR - 403 Client Error: Forbidden for url: https://nominatim.openstreetmap.org/search?q=Warrenton%2C+US&format=jsonv2&addressdetails=1&limit=1
2025-10-16 05:12:05,262 ERROR Status code 403 from https://nominatim.openstreetmap.org/search: ERROR - 403 Client Error: Forbidden for url: https://nominatim.openstreetmap.org/search?q=Mazat%C3%A1n%2C+Chiapas+MX&format=jsonv2&addressdetails=1&limit=1
2025-10-16 05:12:08,267 ERROR Status code 403 from https://nominatim.openstreetmap.org/search: ERROR - 403 Client Error: Forbidden for url: https://nominatim.openstreetmap.org/search?q=Mazat%C3%A1n%2C+MX&format=jsonv2&addressdetails=1&limit=1
2025-10-16 05:12:11,268 ERROR Status code 403 from https://nominatim.openstreetmap.org/search: ERROR - 403 Client Error: Forbidden for url: https://nominatim.openstreetmap.org/search?q=Qu%E1%BA%ADn+Ba%2C+Ho+Chi+Minh+City+%28HCMC%29+VN&format=jsonv2&addressdetails=1&limit=1
2025-10-16 05:12:14,266 ERROR Status code 403 from https://nominatim.openstreetmap.org/search: ERROR - 403 Client Error: Forbidden for url: https://nominatim.openstreetmap.org/search?q=Qu%E1%BA%ADn+Ba%2C+VN&format=jsonv2&addressdetails=1&limit=1
2025-10-16 05:12:17,276 ERROR Status code 403 from https://nominatim.openstreetmap.org/search: ERROR - 403 Client Error: Forbidden for url: https://nominatim.openstreetmap.org/search?q=Hong+Kong%2C+Kowloon+HK&format=jsonv2&addressdetails=1&limit=1
2025-10-16 05:12:20,275 ERROR Status code 403 from https://nominatim.openstreetmap.org/search: ERROR - 403 Client Error: Forbidden for url: https://nominatim.openstreetmap.org/search?q=Hong+Kong%2C+HK&format=jsonv2&addressdetails=1&limit=1
2025-10-16 05:12:23,277 ERROR Status code 403 from https://nominatim.openstreetmap.org/search: ERROR - 403 Client Error: Forbidden for url: https://nominatim.openstreetmap.org/search?q=Chongqing%2C+Chongqing+CN&format=jsonv2&addressdetails=1&limit=1
2025-10-16 05:12:26,289 ERROR Status code 403 from https://nominatim.openstreetmap.org/search: ERROR - 403 Client Error: Forbidden for url: https://nominatim.openstreetmap.org/search?q=Chongqing%2C+CN&format=jsonv2&addressdetails=1&limit=1
2025-10-16 05:12:32,968 ERROR Status code 403 from https://nominatim.openstreetmap.org/search: ERROR - 403 Client Error: Forbidden for url: https://nominatim.openstreetmap.org/search?q=Amsterdam%2C+North+Holland+NL&format=jsonv2&addressdetails=1&limit=1
2025-10-16 05:12:36,142 ERROR Status code 403 from https://nominatim.openstreetmap.org/search: ERROR - 403 Client Error: Forbidden for url: https://nominatim.openstreetmap.org/search?q=Amsterdam%2C+NL&format=jsonv2&addressdetails=1&limit=1
2025-10-16 05:12:39,009 ERROR Status code 403 from https://nominatim.openstreetmap.org/search: ERROR - 403 Client Error: Forbidden for url: https://nominatim.openstreetmap.org/search?q=Singapore+%28Pioneer%29%2C++SG&format=jsonv2&addressdetails=1&limit=1
2025-10-16 05:12:41,995 ERROR Status code 403 from https://nominatim.openstreetmap.org/search: ERROR - 403 Client Error: Forbidden for url: https://nominatim.openstreetmap.org/search?q=Singapore+%28Pioneer%29%2C+SG&format=jsonv2&addressdetails=1&limit=1
2025-10-16 05:12:45,154 ERROR Status code 403 from https://nominatim.openstreetmap.org/search: ERROR - 403 Client Error: Forbidden for url: https://nominatim.openstreetmap.org/search?q=Pflugerville+%28Villages+Of+Hidden+Lake+Phase+4A%29%2C+Texas+US&format=jsonv2&addressdetails=1&limit=1
2025-10-16 05:12:48,020 ERROR Status code 403 from https://nominatim.openstreetmap.org/search: ERROR - 403 Client Error: Forbidden for url: https://nominatim.openstreetmap.org/search?q=Pflugerville+%28Villages+Of+Hidden+Lake+Phase+4A%29%2C+US&format=jsonv2&addressdetails=1&limit=1
2025-10-16 05:12:51,195 ERROR Status code 403 from https://nominatim.openstreetmap.org/search: ERROR - 403 Client Error: Forbidden for url: https://nominatim.openstreetmap.org/search?q=Erith%2C+England+GB&format=jsonv2&addressdetails=1&limit=1
2025-10-16 05:12:53,949 ERROR Status code 403 from https://nominatim.openstreetmap.org/search: ERROR - 403 Client Error: Forbidden for url: https://nominatim.openstreetmap.org/search?q=Erith%2C+GB&format=jsonv2&addressdetails=1&limit=1
2025-10-16 05:12:56,948 ERROR Status code 403 from https://nominatim.openstreetmap.org/search: ERROR - 403 Client Error: Forbidden for url: https://nominatim.openstreetmap.org/search?q=Roubaix%2C+Hauts-de-France+FR&format=jsonv2&addressdetails=1&limit=1
2025-10-16 05:13:00,002 ERROR Status code 403 from https://nominatim.openstreetmap.org/search: ERROR - 403 Client Error: Forbidden for url: https://nominatim.openstreetmap.org/search?q=Roubaix%2C+FR&format=jsonv2&addressdetails=1&limit=1
2025-10-16 05:13:02,971 ERROR Status code 403 from https://nominatim.openstreetmap.org/search: ERROR - 403 Client Error: Forbidden for url: https://nominatim.openstreetmap.org/search?q=Roubaix%2C+Hauts-de-France+FR&format=jsonv2&addressdetails=1&limit=1
2025-10-16 05:13:06,248 ERROR Status code 403 from https://nominatim.openstreetmap.org/search: ERROR - 403 Client Error: Forbidden for url: https://nominatim.openstreetmap.org/search?q=Roubaix%2C+FR&format=jsonv2&addressdetails=1&limit=1
2025-10-16 05:13:09,094 ERROR Status code 403 from https://nominatim.openstreetmap.org/search: ERROR - 403 Client Error: Forbidden for url: https://nominatim.openstreetmap.org/search?q=Baengnyeongdo%2C+Incheon+KR&format=jsonv2&addressdetails=1&limit=1
2025-10-16 05:13:11,983 ERROR Status code 403 from https://nominatim.openstreetmap.org/search: ERROR - 403 Client Error: Forbidden for url: https://nominatim.openstreetmap.org/search?q=Baengnyeongdo%2C+KR&format=jsonv2&addressdetails=1&limit=1
2025-10-16 05:13:15,058 ERROR Status code 403 from https://nominatim.openstreetmap.org/search: ERROR - 403 Client Error: Forbidden for url: https://nominatim.openstreetmap.org/search?q=Singapore+%28Pioneer%29%2C++SG&format=jsonv2&addressdetails=1&limit=1
2025-10-16 05:13:18,128 ERROR Status code 403 from https://nominatim.openstreetmap.org/search: ERROR - 403 Client Error: Forbidden for url: https://nominatim.openstreetmap.org/search?q=Singapore+%28Pioneer%29%2C+SG&format=jsonv2&addressdetails=1&limit=1
2025-10-16 05:13:20,994 ERROR Status code 403 from https://nominatim.openstreetmap.org/search: ERROR - 403 Client Error: Forbidden for url: https://nominatim.openstreetmap.org/search?q=J%C5%ABn%C4%81gadh+%28Aabetkar+nagar%29%2C+Gujarat+IN&format=jsonv2&addressdetails=1&limit=1
2025-10-16 05:13:24,000 ERROR Status code 403 from https://nominatim.openstreetmap.org/search: ERROR - 403 Client Error: Forbidden for url: https://nominatim.openstreetmap.org/search?q=J%C5%ABn%C4%81gadh+%28Aabetkar+nagar%29%2C+IN&format=jsonv2&addressdetails=1&limit=1
2025-10-16 05:13:27,037 ERROR Status code 403 from https://nominatim.openstreetmap.org/search: ERROR - 403 Client Error: Forbidden for url: https://nominatim.openstreetmap.org/search?q=Des+Moines%2C+Iowa+US&format=jsonv2&addressdetails=1&limit=1
2025-10-16 05:13:30,108 ERROR Status code 403 from https://nominatim.openstreetmap.org/search: ERROR - 403 Client Error: Forbidden for url: https://nominatim.openstreetmap.org/search?q=Des+Moines%2C+US&format=jsonv2&addressdetails=1&limit=1
2025-10-16 05:13:33,077 ERROR Status code 403 from https://nominatim.openstreetmap.org/search: ERROR - 403 Client Error: Forbidden for url: https://nominatim.openstreetmap.org/search?q=London%2C+England+GB&format=jsonv2&addressdetails=1&limit=1
2025-10-16 05:13:36,055 ERROR Status code 403 from https://nominatim.openstreetmap.org/search: ERROR - 403 Client Error: Forbidden for url: https://nominatim.openstreetmap.org/search?q=London%2C+GB&format=jsonv2&addressdetails=1&limit=1
2025-10-16 05:13:39,119 ERROR Status code 403 from https://nominatim.openstreetmap.org/search: ERROR - 403 Client Error: Forbidden for url: https://nominatim.openstreetmap.org/search?q=Seongnam-si+%28Buljeong-ro%29%2C+Gyeonggi-do+KR&format=jsonv2&addressdetails=1&limit=1
2025-10-16 05:13:42,089 ERROR Status code 403 from https://nominatim.openstreetmap.org/search: ERROR - 403 Client Error: Forbidden for url: https://nominatim.openstreetmap.org/search?q=Seongnam-si+%28Buljeong-ro%29%2C+KR&format=jsonv2&addressdetails=1&limit=1
2025-10-16 05:13:45,059 ERROR Status code 403 from https://nominatim.openstreetmap.org/search: ERROR - 403 Client Error: Forbidden for url: https://nominatim.openstreetmap.org/search?q=Memphis%2C+Tennessee+US&format=jsonv2&addressdetails=1&limit=1
2025-10-16 05:13:48,139 ERROR Status code 403 from https://nominatim.openstreetmap.org/search: ERROR - 403 Client Error: Forbidden for url: https://nominatim.openstreetmap.org/search?q=Memphis%2C+US&format=jsonv2&addressdetails=1&limit=1
2025-10-16 05:13:51,286 ERROR Status code 403 from https://nominatim.openstreetmap.org/search: ERROR - 403 Client Error: Forbidden for url: https://nominatim.openstreetmap.org/search?q=Des+Moines%2C+Iowa+US&format=jsonv2&addressdetails=1&limit=1
2025-10-16 05:13:54,039 ERROR Status code 403 from https://nominatim.openstreetmap.org/search: ERROR - 403 Client Error: Forbidden for url: https://nominatim.openstreetmap.org/search?q=Des+Moines%2C+US&format=jsonv2&addressdetails=1&limit=1
2025-10-16 05:13:57,141 ERROR Status code 403 from https://nominatim.openstreetmap.org/search: ERROR - 403 Client Error: Forbidden for url: https://nominatim.openstreetmap.org/search?q=Provo+%28East+Bay%29%2C+Utah+US&format=jsonv2&addressdetails=1&limit=1
2025-10-16 05:14:00,052 ERROR Status code 403 from https://nominatim.openstreetmap.org/search: ERROR - 403 Client Error: Forbidden for url: https://nominatim.openstreetmap.org/search?q=Provo+%28East+Bay%29%2C+US&format=jsonv2&addressdetails=1&limit=1
2025-10-16 05:14:03,191 ERROR Status code 403 from https://nominatim.openstreetmap.org/search: ERROR - 403 Client Error: Forbidden for url: https://nominatim.openstreetmap.org/search?q=Doha%2C+Balad%C4%AByat+ad+Daw%E1%B8%A9ah+QA&format=jsonv2&addressdetails=1&limit=1
2025-10-16 05:14:06,172 ERROR Status code 403 from https://nominatim.openstreetmap.org/search: ERROR - 403 Client Error: Forbidden for url: https://nominatim.openstreetmap.org/search?q=Doha%2C+QA&format=jsonv2&addressdetails=1&limit=1
2025-10-16 05:14:09,225 ERROR Status code 403 from https://nominatim.openstreetmap.org/search: ERROR - 403 Client Error: Forbidden for url: https://nominatim.openstreetmap.org/search?q=Conakry+%28Cit%C3%A9+Chemin+de+Fer%29%2C+Conakry+GN&format=jsonv2&addressdetails=1&limit=1
2025-10-16 05:14:12,092 ERROR Status code 403 from https://nominatim.openstreetmap.org/search: ERROR - 403 Client Error: Forbidden for url: https://nominatim.openstreetmap.org/search?q=Conakry+%28Cit%C3%A9+Chemin+de+Fer%29%2C+GN&format=jsonv2&addressdetails=1&limit=1
2025-10-16 05:14:15,164 ERROR Status code 403 from https://nominatim.openstreetmap.org/search: ERROR - 403 Client Error: Forbidden for url: https://nominatim.openstreetmap.org/search?q=Washington%2C+Virginia+US&format=jsonv2&addressdetails=1&limit=1
2025-10-16 05:14:18,192 ERROR Status code 403 from https://nominatim.openstreetmap.org/search: ERROR - 403 Client Error: Forbidden for url: https://nominatim.openstreetmap.org/search?q=Washington%2C+US&format=jsonv2&addressdetails=1&limit=1
2025-10-16 05:14:21,096 ERROR Status code 403 from https://nominatim.openstreetmap.org/search: ERROR - 403 Client Error: Forbidden for url: https://nominatim.openstreetmap.org/search?q=Shibuya+City%2C+Tokyo+JP&format=jsonv2&addressdetails=1&limit=1
2025-10-16 05:14:24,086 ERROR Status code 403 from https://nominatim.openstreetmap.org/search: ERROR - 403 Client Error: Forbidden for url: https://nominatim.openstreetmap.org/search?q=Shibuya+City%2C+JP&format=jsonv2&addressdetails=1&limit=1
2025-10-16 05:14:27,248 ERROR Status code 403 from https://nominatim.openstreetmap.org/search: ERROR - 403 Client Error: Forbidden for url: https://nominatim.openstreetmap.org/search?q=Warrenton%2C+Virginia+US&format=jsonv2&addressdetails=1&limit=1
