2025-10-16 05:14:38,643 INFO ⚡ Starting aggregator run...
2025-10-16 05:14:39,137 WARNING AlienVault fetch error: 403 Client Error: Forbidden for url: https://otx.alienvault.com/api/v1/pulses/subscribed
2025-10-16 05:14:39,138 INFO AlienVault: fetched 0 indicators
2025-10-16 05:14:40,618 INFO FeodoTracker: fetched 3 indicators
2025-10-16 05:14:41,925 INFO AbuseIPDB: fetched 50 indicators
2025-10-16 05:14:41,928 INFO Starting geolocation for 53 IPs...
2025-10-16 05:14:43,018 ERROR Status code 403 from https://nominatim.openstreetmap.org/search: ERROR - 403 Client Error: Forbidden for url: https://nominatim.openstreetmap.org/search?q=%2C++&format=jsonv2&addressdetails=1&limit=1
2025-10-16 05:14:45,986 ERROR Status code 403 from https://nominatim.openstreetmap.org/search: ERROR - 403 Client Error: Forbidden for url: https://nominatim.openstreetmap.org/search?q=%2C+&format=jsonv2&addressdetails=1&limit=1
2025-10-16 05:14:48,974 ERROR Status code 403 from https://nominatim.openstreetmap.org/search: ERROR - 403 Client Error: Forbidden for url: https://nominatim.openstreetmap.org/search?q=%2C++&format=jsonv2&addressdetails=1&limit=1
2025-10-16 05:14:52,133 ERROR Status code 403 from https://nominatim.openstreetmap.org/search: ERROR - 403 Client Error: Forbidden for url: https://nominatim.openstreetmap.org/search?q=%2C+&format=jsonv2&addressdetails=1&limit=1
2025-10-16 05:14:54,986 ERROR Status code 403 from https://nominatim.openstreetmap.org/search: ERROR - 403 Client Error: Forbidden for url: https://nominatim.openstreetmap.org/search?q=%2C++&format=jsonv2&addressdetails=1&limit=1
2025-10-16 05:14:57,984 ERROR Status code 403 from https://nominatim.openstreetmap.org/search: ERROR - 403 Client Error: Forbidden for url: https://nominatim.openstreetmap.org/search?q=%2C+&format=jsonv2&addressdetails=1&limit=1
2025-10-16 05:15:00,989 ERROR Status code 403 from https://nominatim.openstreetmap.org/search: ERROR - 403 Client Error: Forbidden for url: https://nominatim.openstreetmap.org/search?q=Karaj+%28Mehrshahr%29%2C+Alborz+Province+IR&format=jsonv2&addressdetails=1&limit=1
2025-10-16 05:15:04,115 ERROR Status code 403 from https://nominatim.openstreetmap.org/search: ERROR - 403 Client Error: Forbidden for url: https://nominatim.openstreetmap.org/search?q=Karaj+%28Mehrshahr%29%2C+IR&format=jsonv2&addressdetails=1&limit=1
2025-10-16 05:15:07,084 ERROR Status code 403 from https://nominatim.openstreetmap.org/search: ERROR - 403 Client Error: Forbidden for url: https://nominatim.openstreetmap.org/search?q=Chennai+%28Pattinapakkam%29%2C+Tamil+Nadu+IN&format=jsonv2&addressdetails=1&limit=1
2025-10-16 05:15:10,051 ERROR Status code 403 from https://nominatim.openstreetmap.org/search: ERROR - 403 Client Error: Forbidden for url: https://nominatim.openstreetmap.org/search?q=Chennai+%28Pattinapakkam%29%2C+IN&format=jsonv2&addressdetails=1&limit=1
2025-10-16 05:15:13,123 ERROR Status code 403 from https://nominatim.openstreetmap.org/search: ERROR - 403 Client Error: Forbidden for url: https://nominatim.openstreetmap.org/search?q=Santa+Clara%2C+California+US&format=jsonv2&addressdetails=1&limit=1
2025-10-16 05:15:16,195 ERROR Status code 403 from https://nominatim.openstreetmap.org/search: ERROR - 403 Client Error: Forbidden for url: https://nominatim.openstreetmap.org/search?q=Santa+Clara%2C+US&format=jsonv2&addressdetails=1&limit=1
2025-10-16 05:15:19,287 ERROR Status code 403 from https://nominatim.openstreetmap.org/search: ERROR - 403 Client Error: Forbidden for url: https://nominatim.openstreetmap.org/search?q=Leeds%2C+England+GB&format=jsonv2&addressdetails=1&limit=1
2025-10-16 05:15:22,035 ERROR Status code 403 from https://nominatim.openstreetmap.org/search: ERROR - 403 Client Error: Forbidden for url: https://nominatim.openstreetmap.org/search?q=Leeds%2C+GB&format=jsonv2&addressdetails=1&limit=1
2025-10-16 05:15:25,031 ERROR Status code 403 from https://nominatim.openstreetmap.org/search: ERROR - 403 Client Error: Forbidden for url: https://nominatim.openstreetmap.org/search?q=London%2C+England+GB&format=jsonv2&addressdetails=1&limit=1
2025-10-16 05:15:28,169 ERROR Status code 403 from https://nominatim.openstreetmap.org/search: ERROR - 403 Client Error: Forbidden for url: https://nominatim.openstreetmap.org/search?q=London%2C+GB&format=jsonv2&addressdetails=1&limit=1
2025-10-16 05:15:31,247 ERROR Status code 403 from https://nominatim.openstreetmap.org/search: ERROR - 403 Client Error: Forbidden for url: https://nominatim.openstreetmap.org/search?q=Warrenton%2C+Virginia+US&format=jsonv2&addressdetails=1&limit=1
2025-10-16 05:15:34,052 ERROR Status code 403 from https://nominatim.openstreetmap.org/search: ERROR - 403 Client Error: Forbidden for url: https://nominatim.openstreetmap.org/search?q=Warrenton%2C+US&format=jsonv2&addressdetails=1&limit=1
2025-10-16 05:15:37,085 ERROR Status code 403 from https://nominatim.openstreetmap.org/search: ERROR - 403 Client Error: Forbidden for url: https://nominatim.openstreetmap.org/search?q=Mazat%C3%A1n%2C+Chiapas+MX&format=jsonv2&addressdetails=1&limit=1
2025-10-16 05:15:40,157 ERROR Status code 403 from https://nominatim.openstreetmap.org/search: ERROR - 403 Client Error: Forbidden for url: https://nominatim.openstreetmap.org/search?q=Mazat%C3%A1n%2C+MX&format=jsonv2&addressdetails=1&limit=1
2025-10-16 05:15:43,096 ERROR Status code 403 from https://nominatim.openstreetmap.org/search: ERROR - 403 Client Error: Forbidden for url: https://nominatim.openstreetmap.org/search?q=Qu%E1%BA%ADn+Ba%2C+Ho+Chi+Minh+City+%28HCMC%29+VN&format=jsonv2&addressdetails=1&limit=1
2025-10-16 05:15:46,147 ERROR Status code 403 from https://nominatim.openstreetmap.org/search: ERROR - 403 Client Error: Forbidden for url: https://nominatim.openstreetmap.org/search?q=Qu%E1%BA%ADn+Ba%2C+VN&format=jsonv2&addressdetails=1&limit=1
2025-10-16 05:15:49,168 ERROR Status code 403 from https://nominatim.openstreetmap.org/search: ERROR - 403 Client Error: Forbidden for url: https://nominatim.openstreetmap.org/search?q=Hong+Kong%2C+Kowloon+HK&format=jsonv2&addressdetails=1&limit=1
2025-10-16 05:15:52,077 ERROR Status code 403 from https://nominatim.openstreetmap.org/search: ERROR - 403 Client Error: Forbidden for url: https://nominatim.openstreetmap.org/search?q=Hong+Kong%2C+HK&format=jsonv2&addressdetails=1&limit=1
2025-10-16 05:15:55,082 ERROR Status code 403 from https://nominatim.openstreetmap.org/search: ERROR - 403 Client Error: Forbidden for url: https://nominatim.openstreetmap.org/search?q=Amsterdam%2C+North+Holland+NL&format=jsonv2&addressdetails=1&limit=1
2025-10-16 05:15:58,286 ERROR Status code 403 from https://nominatim.openstreetmap.org/search: ERROR - 403 Client Error: Forbidden for url: https://nominatim.openstreetmap.org/search?q=Amsterdam%2C+NL&format=jsonv2&addressdetails=1&limit=1
2025-10-16 05:16:01,251 ERROR Status code 403 from https://nominatim.openstreetmap.org/search: ERROR - 403 Client Error: Forbidden for url: https://nominatim.openstreetmap.org/search?q=Singapore+%28Pioneer%29%2C++SG&format=jsonv2&addressdetails=1&limit=1
2025-10-16 05:16:04,119 ERROR Status code 403 from https://nominatim.openstreetmap.org/search: ERROR - 403 Client Error: Forbidden for url: https://nominatim.openstreetmap.org/search?q=Singapore+%28Pioneer%29%2C+SG&format=jsonv2&addressdetails=1&limit=1
2025-10-16 05:16:07,191 ERROR Status code 403 from https://nominatim.openstreetmap.org/search: ERROR - 403 Client Error: Forbidden for url: https://nominatim.openstreetmap.org/search?q=Pflugerville+%28Villages+Of+Hidden+Lake+Phase+4A%29%2C+Texas+US&format=jsonv2&addressdetails=1&limit=1
2025-10-16 05:16:10,114 ERROR Status code 403 from https://nominatim.openstreetmap.org/search: ERROR - 403 Client Error: Forbidden for url: https://nominatim.openstreetmap.org/search?q=Pflugerville+%28Villages+Of+Hidden+Lake+Phase+4A%29%2C+US&format=jsonv2&addressdetails=1&limit=1
2025-10-16 05:16:13,232 ERROR Status code 403 from https://nominatim.openstreetmap.org/search: ERROR - 403 Client Error: Forbidden for url: https://nominatim.openstreetmap.org/search?q=Erith%2C+England+GB&format=jsonv2&addressdetails=1&limit=1
2025-10-16 05:16:16,206 ERROR Status code 403 from https://nominatim.openstreetmap.org/search: ERROR - 403 Client Error: Forbidden for url: https://nominatim.openstreetmap.org/search?q=Erith%2C+GB&format=jsonv2&addressdetails=1&limit=1
2025-10-16 05:16:19,174 ERROR Status code 403 from https://nominatim.openstreetmap.org/search: ERROR - 403 Client Error: Forbidden for url: https://nominatim.openstreetmap.org/search?q=Roubaix%2C+Hauts-de-France+FR&format=jsonv2&addressdetails=1&limit=1
2025-10-16 05:16:22,291 ERROR Status code 403 from https://nominatim.openstreetmap.org/search: ERROR - 403 Client Error: Forbidden for url: https://nominatim.openstreetmap.org/search?q=Roubaix%2C+FR&format=jsonv2&addressdetails=1&limit=1
2025-10-16 05:16:25,154 ERROR Status code 403 from https://nominatim.openstreetmap.org/search: ERROR - 403 Client Error: Forbidden for url: https://nominatim.openstreetmap.org/search?q=Roubaix%2C+Hauts-de-France+FR&format=jsonv2&addressdetails=1&limit=1
2025-10-16 05:16:28,286 ERROR Status code 403 from https://nominatim.openstreetmap.org/search: ERROR - 403 Client Error: Forbidden for url: https://nominatim.openstreetmap.org/search?q=Roubaix%2C+FR&format=jsonv2&addressdetails=1&limit=1
2025-10-16 05:16:31,285 ERROR Status code 403 from https://nominatim.openstreetmap.org/search: ERROR - 403 Client Error: Forbidden for url: https://nominatim.openstreetmap.org/search?q=Baengnyeongdo%2C+Incheon+KR&format=jsonv2&addressdetails=1&limit=1
2025-10-16 05:16:34,144 ERROR Status code 403 from https://nominatim.openstreetmap.org/search: ERROR - 403 Client Error: Forbidden for url: https://nominatim.openstreetmap.org/search?q=Baengnyeongdo%2C+KR&format=jsonv2&addressdetails=1&limit=1
2025-10-16 05:16:37,294 ERROR Status code 403 from https://nominatim.openstreetmap.org/search: ERROR - 403 Client Error: Forbidden for url: https://nominatim.openstreetmap.org/search?q=Singapore+%28Pioneer%29%2C++SG&format=jsonv2&addressdetails=1&limit=1
2025-10-16 05:16:40,267 ERROR Status code 403 from https://nominatim.openstreetmap.org/search: ERROR - 403 Client Error: Forbidden for url: https://nominatim.openstreetmap.org/search?q=Singapore+%28Pioneer%29%2C+SG&format=jsonv2&addressdetails=1&limit=1
2025-10-16 05:16:43,157 ERROR Status code 403 from https://nominatim.openstreetmap.org/search: ERROR - 403 Client Error: Forbidden for url: https://nominatim.openstreetmap.org/search?q=J%C5%ABn%C4%81gadh+%28Aabetkar+nagar%29%2C+Gujarat+IN&format=jsonv2&addressdetails=1&limit=1
2025-10-16 05:16:46,206 ERROR Status code 403 from https://nominatim.openstreetmap.org/search: ERROR - 403 Client Error: Forbidden for url: https://nominatim.openstreetmap.org/search?q=J%C5%ABn%C4%81gadh+%28Aabetkar+nagar%29%2C+IN&format=jsonv2&addressdetails=1&limit=1
2025-10-16 05:16:49,176 ERROR Status code 403 from https://nominatim.openstreetmap.org/search: ERROR - 403 Client Error: Forbidden for url: https://nominatim.openstreetmap.org/search?q=Des+Moines%2C+Iowa+US&format=jsonv2&addressdetails=1&limit=1
2025-10-16 05:16:52,251 ERROR Status code 403 from https://nominatim.openstreetmap.org/search: ERROR - 403 Client Error: Forbidden for url: https://nominatim.openstreetmap.org/search?q=Des+Moines%2C+US&format=jsonv2&addressdetails=1&limit=1
2025-10-16 05:16:55,178 ERROR Status code 403 from https://nominatim.openstreetmap.org/search: ERROR - 403 Client Error: Forbidden for url: https://nominatim.openstreetmap.org/search?q=London%2C+England+GB&format=jsonv2&addressdetails=1&limit=1
2025-10-16 05:16:58,259 ERROR Status code 403 from https://nominatim.openstreetmap.org/search: ERROR - 403 Client Error: Forbidden for url: https://nominatim.openstreetmap.org/search?q=London%2C+GB&format=jsonv2&addressdetails=1&limit=1
2025-10-16 05:17:01,186 ERROR Status code 403 from https://nominatim.openstreetmap.org/search: ERROR - 403 Client Error: Forbidden for url: https://nominatim.openstreetmap.org/search?q=Seongnam-si+%28Buljeong-ro%29%2C+Gyeonggi-do+KR&format=jsonv2&addressdetails=1&limit=1
2025-10-16 05:17:04,229 ERROR Status code 403 from https://nominatim.openstreetmap.org/search: ERROR - 403 Client Error: Forbidden for url: https://nominatim.openstreetmap.org/search?q=Seongnam-si+%28Buljeong-ro%29%2C+KR&format=jsonv2&addressdetails=1&limit=1
2025-10-16 05:17:07,198 ERROR Status code 403 from https://nominatim.openstreetmap.org/search: ERROR - 403 Client Error: Forbidden for url: https://nominatim.openstreetmap.org/search?q=Memphis%2C+Tennessee+US&format=jsonv2&addressdetails=1&limit=1
2025-10-16 05:17:10,277 ERROR Status code 403 from https://nominatim.openstreetmap.org/search: ERROR - 403 Client Error: Forbidden for url: https://nominatim.openstreetmap.org/search?q=Memphis%2C+US&format=jsonv2&addressdetails=1&limit=1
2025-10-16 05:17:13,239 ERROR Status code 403 from https://nominatim.openstreetmap.org/search: ERROR - 403 Client Error: Forbidden for url: https://nominatim.openstreetmap.org/search?q=Des+Moines%2C+Iowa+US&format=jsonv2&addressdetails=1&limit=1
2025-10-16 05:17:16,209 ERROR Status code 403 from https://nominatim.openstreetmap.org/search: ERROR - 403 Client Error: Forbidden for url: https://nominatim.openstreetmap.org/search?q=Des+Moines%2C+US&format=jsonv2&addressdetails=1&limit=1
2025-10-16 05:17:19,287 ERROR Status code 403 from https://nominatim.openstreetmap.org/search: ERROR - 403 Client Error: Forbidden for url: https://nominatim.openstreetmap.org/search?q=Provo+%28East+Bay%29%2C+Utah+US&format=jsonv2&addressdetails=1&limit=1
2025-10-16 05:17:22,253 ERROR Status code 403 from https://nominatim.openstreetmap.org/search: ERROR - 403 Client Error: Forbidden for url: https://nominatim.openstreetmap.org/search?q=Provo+%28East+Bay%29%2C+US&format=jsonv2&addressdetails=1&limit=1
2025-10-16 05:17:25,228 ERROR Status code 403 from https://nominatim.openstreetmap.org/search: ERROR - 403 Client Error: Forbidden for url: https://nominatim.openstreetmap.org/search?q=Doha%2C+Balad%C4%AByat+ad+Daw%E1%B8%A9ah+QA&format=jsonv2&addressdetails=1&limit=1
2025-10-16 05:17:28,274 ERROR Status code 403 from https://nominatim.openstreetmap.org/search: ERROR - 403 Client Error: Forbidden for url: https://nominatim.openstreetmap.org/search?q=Doha%2C+QA&format=jsonv2&addressdetails=1&limit=1
2025-10-16 05:17:31,231 ERROR Status code 403 from https://nominatim.openstreetmap.org/search: ERROR - 403 Client Error: Forbidden for url: https://nominatim.openstreetmap.org/search?q=Conakry+%28Cit%C3%A9+Chemin+de+Fer%29%2C+Conakry+GN&format=jsonv2&addressdetails=1&limit=1
2025-10-16 05:17:34,264 ERROR Status code 403 from https://nominatim.openstreetmap.org/search: ERROR - 403 Client Error: Forbidden for url: https://nominatim.openstreetmap.org/search?q=Conakry+%28Cit%C3%A9+Chemin+de+Fer%29%2C+GN&format=jsonv2&addressdetails=1&limit=1
2025-10-16 05:17:37,286 ERROR Status code 403 from https://nominatim.openstreetmap.org/search: ERROR - 403 Client Error: Forbidden for url: https://nominatim.openstreetmap.org/search?q=Washington%2C+Virginia+US&format=jsonv2&addressdetails=1&limit=1
2025-10-16 05:17:40,259 ERROR Status code 403 from https://nominatim.openstreetmap.org/search: ERROR - 403 Client Error: Forbidden for url: https://nominatim.openstreetmap.org/search?q=Washington%2C+US&format=jsonv2&addressdetails=1&limit=1
2025-10-16 05:17:43,245 ERROR Status code 403 from https://nominatim.openstreetmap.org/search: ERROR - 403 Client Error: Forbidden for url: https://nominatim.openstreetmap.org/search?q=Shibuya+City%2C+Tokyo+JP&format=jsonv2&addressdetails=1&limit=1
2025-10-16 05:17:46,255 ERROR Status code 403 from https://nominatim.openstreetmap.org/search: ERROR - 403 Client Error: Forbidden for url: https://nominatim.openstreetmap.org/search?q=Shibuya+City%2C+JP&format=jsonv2&addressdetails=1&limit=1
